<?xml version="1.0" encoding="UTF-8"?>
<robot generator="Robot 7.1.1 (Python 3.13.1 on win32)" generated="2024-12-25T10:23:21.914228" rpa="false" schemaversion="5">
<suite id="s1" name="Testcases" source="C:\Users\User\Desktop\pos_mobile_tests\testcases">
<suite id="s1-s1" name="Login" source="C:\Users\User\Desktop\pos_mobile_tests\testcases\login">
<suite id="s1-s1-s1" name="Test Login" source="C:\Users\User\Desktop\pos_mobile_tests\testcases\login\test_login.robot">
<test id="s1-s1-s1-t1" name="Valid Login" line="7">
<kw name="Open App" owner="login_keywords">
<kw name="Open Application" owner="AppiumLibrary">
<kw name="Capture Page Screenshot" owner="AppiumLibrary">
<msg time="2024-12-25T10:23:24.274164" level="FAIL">No application is open</msg>
<doc>Takes a screenshot of the current page and embeds it into the log.</doc>
<status status="FAIL" start="2024-12-25T10:23:24.273450" elapsed="0.008903">No application is open</status>
</kw>
<msg time="2024-12-25T10:23:24.282944" level="WARN">Keyword 'Capture Page Screenshot' could not be run on failure: No application is open</msg>
<msg time="2024-12-25T10:23:24.283832" level="FAIL">InvalidArgumentException: Message: 'platformName' can't be blank
Stacktrace:
InvalidArgumentError: 'platformName' can't be blank
    at processCapabilities (C:\Users\User\AppData\Local\Programs\Appium Server GUI\resources\app\node_modules\appium\node_modules\appium-base-driver\lib\basedriver\capabilities.js:220:13)
    at parseCapsForInnerDriver (C:\Users\User\AppData\Local\Programs\Appium Server GUI\resources\app\node_modules\appium\lib\utils.js:116:21)
    at AppiumDriver.createSession (C:\Users\User\AppData\Local\Programs\Appium Server GUI\resources\app\node_modules\appium\lib\appium.js:325:26)
    at commandExecutor (C:\Users\User\AppData\Local\Programs\Appium Server GUI\resources\app\node_modules\appium\node_modules\appium-base-driver\lib\basedriver\driver.js:335:9)
    at AppiumDriver.executeCommand (C:\Users\User\AppData\Local\Programs\Appium Server GUI\resources\app\node_modules\appium\node_modules\appium-base-driver\lib\basedriver\driver.js:349:15)
    at AppiumDriver.executeCommand (C:\Users\User\AppData\Local\Programs\Appium Server GUI\resources\app\node_modules\appium\lib\appium.js:549:26)
    at asyncHandler (C:\Users\User\AppData\Local\Programs\Appium Server GUI\resources\app\node_modules\appium\node_modules\appium-base-driver\lib\protocol\protocol.js:297:34)
    at C:\Users\User\AppData\Local\Programs\Appium Server GUI\resources\app\node_modules\appium\node_modules\appium-base-driver\lib\protocol\protocol.js:423:15
    at Layer.handle [as handle_request] (C:\Users\User\AppData\Local\Programs\Appium Server GUI\resources\app\node_modules\appium\node_modules\express\lib\router\layer.js:95:5)
    at next (C:\Users\User\AppData\Local\Programs\Appium Server GUI\resources\app\node_modules\appium\node_modules\express\lib\router\route.js:137:13)
    at Route.dispatch (C:\Users\User\AppData\Local\Programs\Appium Server GUI\resources\app\node_modules\appium\node_modules\express\lib\router\route.js:112:3)
    at Layer.handle [as handle_request] (C:\Users\User\AppData\Local\Programs\Appium Server GUI\resources\app\node_modules\appium\node_modules\express\lib\router\layer.js:95:5)
    at C:\Users\User\AppData\Local\Programs\Appium Server GUI\resources\app\node_modules\appium\node_modules\express\lib\router\index.js:281:22
    at Function.process_params (C:\Users\User\AppData\Local\Programs\Appium Server GUI\resources\app\node_modules\appium\node_modules\express\lib\router\index.js:335:12)
    at next (C:\Users\User\AppData\Local\Programs\Appium Server GUI\resources\app\node_modules\appium\node_modules\express\lib\router\index.js:275:10)
    at logger (C:\Users\User\AppData\Local\Programs\Appium Server GUI\resources\app\node_modules\appium\node_modules\morgan\index.js:144:5)
    at Layer.handle [as handle_request] (C:\Users\User\AppData\Local\Programs\Appium Server GUI\resources\app\node_modules\appium\node_modules\express\lib\router\layer.js:95:5)
    at trim_prefix (C:\Users\User\AppData\Local\Programs\Appium Server GUI\resources\app\node_modules\appium\node_modules\express\lib\router\index.js:317:13)
    at C:\Users\User\AppData\Local\Programs\Appium Server GUI\resources\app\node_modules\appium\node_modules\express\lib\router\index.js:284:7
    at Function.process_params (C:\Users\User\AppData\Local\Programs\Appium Server GUI\resources\app\node_modules\appium\node_modules\express\lib\router\index.js:335:12)
    at next (C:\Users\User\AppData\Local\Programs\Appium Server GUI\resources\app\node_modules\appium\node_modules\express\lib\router\index.js:275:10)
    at C:\Users\User\AppData\Local\Programs\Appium Server GUI\resources\app\node_modules\appium\node_modules\body-parser\lib\read.js:130:5
    at invokeCallback (C:\Users\User\AppData\Local\Programs\Appium Server GUI\resources\app\node_modules\appium\node_modules\raw-body\index.js:224:16)
    at done (C:\Users\User\AppData\Local\Programs\Appium Server GUI\resources\app\node_modules\appium\node_modules\raw-body\index.js:213:7)
    at IncomingMessage.onEnd (C:\Users\User\AppData\Local\Programs\Appium Server GUI\resources\app\node_modules\appium\node_modules\raw-body\index.js:273:7)
    at IncomingMessage.emit (events.js:322:22)
    at endReadableNT (_stream_readable.js:1187:12)
    at processTicksAndRejections (internal/process/task_queues.js:84:21)</msg>
<arg>http://localhost:4723/wd/hub</arg>
<arg>${CAPABILITIES}</arg>
<doc>Opens a new application to given Appium server.
Capabilities of appium server, Android and iOS,
Please check https://appium.io/docs/en/2.1/cli/args/
| *Option*            | *Man.* | *Description*     |
| remote_url          | Yes    | Appium server url |
| alias               | no     | alias             |
| strict_ssl          | No     | allows you to send commands to an invalid certificate host like a self-signed one. |</doc>
<status status="FAIL" start="2024-12-25T10:23:22.047147" elapsed="2.237723">InvalidArgumentException: Message: 'platformName' can't be blank
Stacktrace:
InvalidArgumentError: 'platformName' can't be blank
    at processCapabilities (C:\Users\User\AppData\Local\Programs\Appium Server GUI\resources\app\node_modules\appium\node_modules\appium-base-driver\lib\basedriver\capabilities.js:220:13)
    at parseCapsForInnerDriver (C:\Users\User\AppData\Local\Programs\Appium Server GUI\resources\app\node_modules\appium\lib\utils.js:116:21)
    at AppiumDriver.createSession (C:\Users\User\AppData\Local\Programs\Appium Server GUI\resources\app\node_modules\appium\lib\appium.js:325:26)
    at commandExecutor (C:\Users\User\AppData\Local\Programs\Appium Server GUI\resources\app\node_modules\appium\node_modules\appium-base-driver\lib\basedriver\driver.js:335:9)
    at AppiumDriver.executeCommand (C:\Users\User\AppData\Local\Programs\Appium Server GUI\resources\app\node_modules\appium\node_modules\appium-base-driver\lib\basedriver\driver.js:349:15)
    at AppiumDriver.executeCommand (C:\Users\User\AppData\Local\Programs\Appium Server GUI\resources\app\node_modules\appium\lib\appium.js:549:26)
    at asyncHandler (C:\Users\User\AppData\Local\Programs\Appium Server GUI\resources\app\node_modules\appium\node_modules\appium-base-driver\lib\protoco...
    [ Message content over the limit has been removed. ]
...at trim_prefix (C:\Users\User\AppData\Local\Programs\Appium Server GUI\resources\app\node_modules\appium\node_modules\express\lib\router\index.js:317:13)
    at C:\Users\User\AppData\Local\Programs\Appium Server GUI\resources\app\node_modules\appium\node_modules\express\lib\router\index.js:284:7
    at Function.process_params (C:\Users\User\AppData\Local\Programs\Appium Server GUI\resources\app\node_modules\appium\node_modules\express\lib\router\index.js:335:12)
    at next (C:\Users\User\AppData\Local\Programs\Appium Server GUI\resources\app\node_modules\appium\node_modules\express\lib\router\index.js:275:10)
    at C:\Users\User\AppData\Local\Programs\Appium Server GUI\resources\app\node_modules\appium\node_modules\body-parser\lib\read.js:130:5
    at invokeCallback (C:\Users\User\AppData\Local\Programs\Appium Server GUI\resources\app\node_modules\appium\node_modules\raw-body\index.js:224:16)
    at done (C:\Users\User\AppData\Local\Programs\Appium Server GUI\resources\app\node_modules\appium\node_modules\raw-body\index.js:213:7)
    at IncomingMessage.onEnd (C:\Users\User\AppData\Local\Programs\Appium Server GUI\resources\app\node_modules\appium\node_modules\raw-body\index.js:273:7)
    at IncomingMessage.emit (events.js:322:22)
    at endReadableNT (_stream_readable.js:1187:12)
    at processTicksAndRejections (internal/process/task_queues.js:84:21)</status>
</kw>
<status status="FAIL" start="2024-12-25T10:23:22.046809" elapsed="2.238406">InvalidArgumentException: Message: 'platformName' can't be blank
Stacktrace:
InvalidArgumentError: 'platformName' can't be blank
    at processCapabilities (C:\Users\User\AppData\Local\Programs\Appium Server GUI\resources\app\node_modules\appium\node_modules\appium-base-driver\lib\basedriver\capabilities.js:220:13)
    at parseCapsForInnerDriver (C:\Users\User\AppData\Local\Programs\Appium Server GUI\resources\app\node_modules\appium\lib\utils.js:116:21)
    at AppiumDriver.createSession (C:\Users\User\AppData\Local\Programs\Appium Server GUI\resources\app\node_modules\appium\lib\appium.js:325:26)
    at commandExecutor (C:\Users\User\AppData\Local\Programs\Appium Server GUI\resources\app\node_modules\appium\node_modules\appium-base-driver\lib\basedriver\driver.js:335:9)
    at AppiumDriver.executeCommand (C:\Users\User\AppData\Local\Programs\Appium Server GUI\resources\app\node_modules\appium\node_modules\appium-base-driver\lib\basedriver\driver.js:349:15)
    at AppiumDriver.executeCommand (C:\Users\User\AppData\Local\Programs\Appium Server GUI\resources\app\node_modules\appium\lib\appium.js:549:26)
    at asyncHandler (C:\Users\User\AppData\Local\Programs\Appium Server GUI\resources\app\node_modules\appium\node_modules\appium-base-driver\lib\protoco...
    [ Message content over the limit has been removed. ]
...at trim_prefix (C:\Users\User\AppData\Local\Programs\Appium Server GUI\resources\app\node_modules\appium\node_modules\express\lib\router\index.js:317:13)
    at C:\Users\User\AppData\Local\Programs\Appium Server GUI\resources\app\node_modules\appium\node_modules\express\lib\router\index.js:284:7
    at Function.process_params (C:\Users\User\AppData\Local\Programs\Appium Server GUI\resources\app\node_modules\appium\node_modules\express\lib\router\index.js:335:12)
    at next (C:\Users\User\AppData\Local\Programs\Appium Server GUI\resources\app\node_modules\appium\node_modules\express\lib\router\index.js:275:10)
    at C:\Users\User\AppData\Local\Programs\Appium Server GUI\resources\app\node_modules\appium\node_modules\body-parser\lib\read.js:130:5
    at invokeCallback (C:\Users\User\AppData\Local\Programs\Appium Server GUI\resources\app\node_modules\appium\node_modules\raw-body\index.js:224:16)
    at done (C:\Users\User\AppData\Local\Programs\Appium Server GUI\resources\app\node_modules\appium\node_modules\raw-body\index.js:213:7)
    at IncomingMessage.onEnd (C:\Users\User\AppData\Local\Programs\Appium Server GUI\resources\app\node_modules\appium\node_modules\raw-body\index.js:273:7)
    at IncomingMessage.emit (events.js:322:22)
    at endReadableNT (_stream_readable.js:1187:12)
    at processTicksAndRejections (internal/process/task_queues.js:84:21)</status>
</kw>
<tag>Login</tag>
<tag>Smoke</tag>
<status status="FAIL" start="2024-12-25T10:23:22.046266" elapsed="2.239272">InvalidArgumentException: Message: 'platformName' can't be blank
Stacktrace:
InvalidArgumentError: 'platformName' can't be blank
    at processCapabilities (C:\Users\User\AppData\Local\Programs\Appium Server GUI\resources\app\node_modules\appium\node_modules\appium-base-driver\lib\basedriver\capabilities.js:220:13)
    at parseCapsForInnerDriver (C:\Users\User\AppData\Local\Programs\Appium Server GUI\resources\app\node_modules\appium\lib\utils.js:116:21)
    at AppiumDriver.createSession (C:\Users\User\AppData\Local\Programs\Appium Server GUI\resources\app\node_modules\appium\lib\appium.js:325:26)
    at commandExecutor (C:\Users\User\AppData\Local\Programs\Appium Server GUI\resources\app\node_modules\appium\node_modules\appium-base-driver\lib\basedriver\driver.js:335:9)
    at AppiumDriver.executeCommand (C:\Users\User\AppData\Local\Programs\Appium Server GUI\resources\app\node_modules\appium\node_modules\appium-base-driver\lib\basedriver\driver.js:349:15)
    at AppiumDriver.executeCommand (C:\Users\User\AppData\Local\Programs\Appium Server GUI\resources\app\node_modules\appium\lib\appium.js:549:26)
    at asyncHandler (C:\Users\User\AppData\Local\Programs\Appium Server GUI\resources\app\node_modules\appium\node_modules\appium-base-driver\lib\protoco...
    [ Message content over the limit has been removed. ]
...at trim_prefix (C:\Users\User\AppData\Local\Programs\Appium Server GUI\resources\app\node_modules\appium\node_modules\express\lib\router\index.js:317:13)
    at C:\Users\User\AppData\Local\Programs\Appium Server GUI\resources\app\node_modules\appium\node_modules\express\lib\router\index.js:284:7
    at Function.process_params (C:\Users\User\AppData\Local\Programs\Appium Server GUI\resources\app\node_modules\appium\node_modules\express\lib\router\index.js:335:12)
    at next (C:\Users\User\AppData\Local\Programs\Appium Server GUI\resources\app\node_modules\appium\node_modules\express\lib\router\index.js:275:10)
    at C:\Users\User\AppData\Local\Programs\Appium Server GUI\resources\app\node_modules\appium\node_modules\body-parser\lib\read.js:130:5
    at invokeCallback (C:\Users\User\AppData\Local\Programs\Appium Server GUI\resources\app\node_modules\appium\node_modules\raw-body\index.js:224:16)
    at done (C:\Users\User\AppData\Local\Programs\Appium Server GUI\resources\app\node_modules\appium\node_modules\raw-body\index.js:213:7)
    at IncomingMessage.onEnd (C:\Users\User\AppData\Local\Programs\Appium Server GUI\resources\app\node_modules\appium\node_modules\raw-body\index.js:273:7)
    at IncomingMessage.emit (events.js:322:22)
    at endReadableNT (_stream_readable.js:1187:12)
    at processTicksAndRejections (internal/process/task_queues.js:84:21)</status>
</test>
<status status="FAIL" start="2024-12-25T10:23:21.935335" elapsed="2.351659"/>
</suite>
<status status="FAIL" start="2024-12-25T10:23:21.933725" elapsed="2.354280"/>
</suite>
<status status="FAIL" start="2024-12-25T10:23:21.915244" elapsed="2.373707"/>
</suite>
<statistics>
<total>
<stat pass="0" fail="1" skip="0">All Tests</stat>
</total>
<tag>
<stat pass="0" fail="1" skip="0">Login</stat>
<stat pass="0" fail="1" skip="0">Smoke</stat>
</tag>
<suite>
<stat pass="0" fail="1" skip="0" id="s1" name="Testcases">Testcases</stat>
<stat pass="0" fail="1" skip="0" id="s1-s1" name="Login">Testcases.Login</stat>
<stat pass="0" fail="1" skip="0" id="s1-s1-s1" name="Test Login">Testcases.Login.Test Login</stat>
</suite>
</statistics>
<errors>
<msg time="2024-12-25T10:23:24.282944" level="WARN">Keyword 'Capture Page Screenshot' could not be run on failure: No application is open</msg>
</errors>
</robot>
